<?xml version="1.0" encoding="UTF-8"?>
<!-- Generated by org.testng.reporters.JUnitReportReporter -->
<testsuite hostname="CIPL0986QA" failures="0" tests="1" name="Sidhu.Cucumber.AppTest" time="0.003" errors="0" timestamp="2023-02-22T11:46:52 IST" skipped="0">
  <testcase classname="Sidhu.Cucumber.AppTest" name="shouldAnswerWithTrue" time="0.003"/>
  <system-out/>
</testsuite> <!-- Sidhu.Cucumber.AppTest -->
