<?xml version="1.0" encoding="UTF-8"?>
<!-- Generated by org.testng.reporters.JUnitReportReporter -->
<testsuite hostname="CIPL0986QA" failures="0" tests="5" name="CucumberOptions.TestRunner" time="0.134" errors="0" timestamp="2023-02-23T16:58:57 IST" skipped="0">
  <testcase classname="CucumberOptions.TestRunner" name="runScenario" time="0.002"/>
  <system-out/>
  <testcase classname="CucumberOptions.TestRunner" name="runScenario" time="0.124"/>
  <system-out/>
  <testcase classname="CucumberOptions.TestRunner" name="runScenario" time="0.002"/>
  <system-out/>
  <testcase classname="CucumberOptions.TestRunner" name="runScenario" time="0.003"/>
  <system-out/>
  <testcase classname="CucumberOptions.TestRunner" name="runScenario" time="0.003"/>
  <system-out/>
</testsuite> <!-- CucumberOptions.TestRunner -->
